[INFO] Scanning for projects...
[INFO] 
[INFO] ---------------------< com.thegethuber:restaurant >---------------------
[INFO] Building Restaurant 0.0.1-SNAPSHOT
[INFO]   from pom.xml
[INFO] --------------------------------[ jar ]---------------------------------
[INFO] 
[INFO] >>> spring-boot:3.5.7:build-image (default-cli) > package @ restaurant >>>
[INFO] 
[INFO] --- resources:3.3.1:resources (default-resources) @ restaurant ---
[INFO] Copying 1 resource from src/main/resources to target/classes
[INFO] Copying 0 resource from src/main/resources to target/classes
[INFO] 
[INFO] --- compiler:3.14.1:compile (default-compile) @ restaurant ---
[INFO] Nothing to compile - all classes are up to date.
[INFO] 
[INFO] --- resources:3.3.1:testResources (default-testResources) @ restaurant ---
[INFO] skip non existing resourceDirectory /home/astartes/codes/java/javaLabProject/src/test/resources
[INFO] 
[INFO] --- compiler:3.14.1:testCompile (default-testCompile) @ restaurant ---
[INFO] Recompiling the module because of added or removed source files.
[INFO] Compiling 1 source file with javac [debug parameters release 21] to target/test-classes
[INFO] 
[INFO] --- surefire:3.5.4:test (default-test) @ restaurant ---
[INFO] Using auto detected provider org.apache.maven.surefire.junitplatform.JUnitPlatformProvider
[INFO] 
[INFO] -------------------------------------------------------
[INFO]  T E S T S
[INFO] -------------------------------------------------------
[INFO] Running com.thegethuber.restaurant.RestaurantProjectApplicationTests
23:39:19.432 [main] INFO org.springframework.test.context.support.AnnotationConfigContextLoaderUtils -- Could not detect default configuration classes for test class [com.thegethuber.restaurant.RestaurantProjectApplicationTests]: RestaurantProjectApplicationTests does not declare any static, non-private, non-final, nested classes annotated with @Configuration.
23:39:19.495 [main] INFO org.springframework.boot.test.context.SpringBootTestContextBootstrapper -- Found @SpringBootConfiguration com.thegethuber.restaurant.RestaurantProjectApplication for test class com.thegethuber.restaurant.RestaurantProjectApplicationTests

  .   ____          _            __ _ _
 /\\ / ___'_ __ _ _(_)_ __  __ _ \ \ \ \
( ( )\___ | '_ | '_| | '_ \/ _` | \ \ \ \
 \\/  ___)| |_)| | | | | || (_| |  ) ) ) )
  '  |____| .__|_| |_|_| |_\__, | / / / /
 =========|_|==============|___/=/_/_/_/

 :: Spring Boot ::                (v3.5.7)

2025-10-24T23:39:19.762+03:00  INFO 17145 --- [Restaurant project] [           main] c.t.r.RestaurantProjectApplicationTests  : Starting RestaurantProjectApplicationTests using Java 21.0.8 with PID 17145 (started by astartes in /home/astartes/codes/java/javaLabProject)
2025-10-24T23:39:19.763+03:00  INFO 17145 --- [Restaurant project] [           main] c.t.r.RestaurantProjectApplicationTests  : No active profile set, falling back to 1 default profile: "default"
2025-10-24T23:39:20.132+03:00  INFO 17145 --- [Restaurant project] [           main] .s.d.r.c.RepositoryConfigurationDelegate : Bootstrapping Spring Data JPA repositories in DEFAULT mode.
2025-10-24T23:39:20.147+03:00  INFO 17145 --- [Restaurant project] [           main] .s.d.r.c.RepositoryConfigurationDelegate : Finished Spring Data repository scanning in 8 ms. Found 0 JPA repository interfaces.
2025-10-24T23:39:20.370+03:00  INFO 17145 --- [Restaurant project] [           main] com.zaxxer.hikari.HikariDataSource       : HikariPool-1 - Starting...
2025-10-24T23:39:20.493+03:00  INFO 17145 --- [Restaurant project] [           main] com.zaxxer.hikari.pool.HikariPool        : HikariPool-1 - Added connection org.postgresql.jdbc.PgConnection@39666e42
2025-10-24T23:39:20.494+03:00  INFO 17145 --- [Restaurant project] [           main] com.zaxxer.hikari.HikariDataSource       : HikariPool-1 - Start completed.
2025-10-24T23:39:20.521+03:00  INFO 17145 --- [Restaurant project] [           main] o.hibernate.jpa.internal.util.LogHelper  : HHH000204: Processing PersistenceUnitInfo [name: default]
2025-10-24T23:39:20.548+03:00  INFO 17145 --- [Restaurant project] [           main] org.hibernate.Version                    : HHH000412: Hibernate ORM core version 6.6.33.Final
2025-10-24T23:39:20.574+03:00  INFO 17145 --- [Restaurant project] [           main] o.h.c.internal.RegionFactoryInitiator    : HHH000026: Second-level cache disabled
2025-10-24T23:39:20.737+03:00  INFO 17145 --- [Restaurant project] [           main] o.s.o.j.p.SpringPersistenceUnitInfo      : No LoadTimeWeaver setup: ignoring JPA class transformer
2025-10-24T23:39:20.773+03:00  WARN 17145 --- [Restaurant project] [           main] org.hibernate.orm.deprecation            : HHH90000025: PostgreSQLDialect does not need to be specified explicitly using 'hibernate.dialect' (remove the property setting and it will be selected by default)
2025-10-24T23:39:20.784+03:00  INFO 17145 --- [Restaurant project] [           main] org.hibernate.orm.connections.pooling    : HHH10001005: Database info:
	Database JDBC URL [Connecting through datasource 'HikariDataSource (HikariPool-1)']
	Database driver: undefined/unknown
	Database version: 18.0
	Autocommit mode: undefined/unknown
	Isolation level: undefined/unknown
	Minimum pool size: undefined/unknown
	Maximum pool size: undefined/unknown
2025-10-24T23:39:20.973+03:00  INFO 17145 --- [Restaurant project] [           main] o.h.e.t.j.p.i.JtaPlatformInitiator       : HHH000489: No JTA platform available (set 'hibernate.transaction.jta.platform' to enable JTA platform integration)
2025-10-24T23:39:20.977+03:00  INFO 17145 --- [Restaurant project] [           main] j.LocalContainerEntityManagerFactoryBean : Initialized JPA EntityManagerFactory for persistence unit 'default'
2025-10-24T23:39:21.068+03:00  WARN 17145 --- [Restaurant project] [           main] JpaBaseConfiguration$JpaWebConfiguration : spring.jpa.open-in-view is enabled by default. Therefore, database queries may be performed during view rendering. Explicitly configure spring.jpa.open-in-view to disable this warning
2025-10-24T23:39:21.347+03:00  INFO 17145 --- [Restaurant project] [           main] c.t.r.RestaurantProjectApplicationTests  : Started RestaurantProjectApplicationTests in 1.765 seconds (process running for 2.32)
[INFO] Tests run: 1, Failures: 0, Errors: 0, Skipped: 0, Time elapsed: 2.376 s -- in com.thegethuber.restaurant.RestaurantProjectApplicationTests
[INFO] 
[INFO] Results:
[INFO] 
[INFO] Tests run: 1, Failures: 0, Errors: 0, Skipped: 0
[INFO] 
[INFO] 
[INFO] --- jar:3.4.2:jar (default-jar) @ restaurant ---
[INFO] Building jar: /home/astartes/codes/java/javaLabProject/target/restaurant-0.0.1-SNAPSHOT.jar
[INFO] 
[INFO] --- spring-boot:3.5.7:repackage (repackage) @ restaurant ---
[INFO] Replacing main artifact /home/astartes/codes/java/javaLabProject/target/restaurant-0.0.1-SNAPSHOT.jar with repackaged archive, adding nested dependencies in BOOT-INF/.
[INFO] The original artifact has been renamed to /home/astartes/codes/java/javaLabProject/target/restaurant-0.0.1-SNAPSHOT.jar.original
[INFO] 
[INFO] <<< spring-boot:3.5.7:build-image (default-cli) < package @ restaurant <<<
[INFO] 
[INFO] 
[INFO] --- spring-boot:3.5.7:build-image (default-cli) @ restaurant ---
[INFO] Building image 'docker.io/library/restaurant:0.0.1-SNAPSHOT'
[INFO] 
[INFO]  > Pulling builder image 'docker.io/paketobuildpacks/builder-noble-java-tiny:latest' 100%
[INFO]  > Pulled builder image 'paketobuildpacks/builder-noble-java-tiny@sha256:9bba49af6abd0deb72d93b473e06861d19cff68529ab85fe637631615c4fa83e'
[INFO]  > Pulling run image 'docker.io/paketobuildpacks/ubuntu-noble-run-tiny:0.0.33' for platform 'linux/amd64' 100%
[INFO]  > Pulled run image 'paketobuildpacks/ubuntu-noble-run-tiny@sha256:447f5832979bc2bbc23bde4b6c95afc7a992646b2e5ce96b3e27faa323ee667f'
[INFO]  > Executing lifecycle version v0.20.14
[INFO]  > Using build cache volume 'pack-cache-a3e0461a5806.build'
[INFO] 
[INFO]  > Running creator
[INFO]     [creator]     ===> ANALYZING
[INFO]     [creator]     Image with name "docker.io/library/restaurant:0.0.1-SNAPSHOT" not found
[INFO]     [creator]     ===> DETECTING
[INFO]     [creator]     target distro name/version labels not found, reading /etc/os-release file
[INFO]     [creator]     6 of 26 buildpacks participating
[INFO]     [creator]     paketo-buildpacks/ca-certificates   3.10.4
[INFO]     [creator]     paketo-buildpacks/bellsoft-liberica 11.4.0
[INFO]     [creator]     paketo-buildpacks/syft              2.21.0
[INFO]     [creator]     paketo-buildpacks/executable-jar    6.13.3
[INFO]     [creator]     paketo-buildpacks/dist-zip          5.10.3
[INFO]     [creator]     paketo-buildpacks/spring-boot       5.33.4
[INFO]     [creator]     ===> RESTORING
[INFO]     [creator]     ===> BUILDING
[INFO]     [creator]     target distro name/version labels not found, reading /etc/os-release file
[INFO]     [creator]     
[INFO]     [creator]     Paketo Buildpack for CA Certificates 3.10.4
[INFO]     [creator]       https://github.com/paketo-buildpacks/ca-certificates
[INFO]     [creator]       Build Configuration:
[INFO]     [creator]         $BP_EMBED_CERTS                    false  Embed certificates into the image
[INFO]     [creator]         $BP_ENABLE_RUNTIME_CERT_BINDING    true   Deprecated: Enable/disable certificate helper layer to add certs at runtime
[INFO]     [creator]         $BP_RUNTIME_CERT_BINDING_DISABLED  false  Disable certificate helper layer to add certs at runtime
[INFO]     [creator]       Launch Helper: Contributing to layer
[INFO]     [creator]         Creating /layers/paketo-buildpacks_ca-certificates/helper/exec.d/ca-certificates-helper
[INFO]     [creator]     
[INFO]     [creator]     Paketo Buildpack for BellSoft Liberica 11.4.0
[INFO]     [creator]       https://github.com/paketo-buildpacks/bellsoft-liberica
[INFO]     [creator]       Build Configuration:
[INFO]     [creator]         $BP_JVM_JLINK_ARGS           --no-man-pages --no-header-files --strip-debug --compress=1  configure custom link arguments (--output must be omitted)
[INFO]     [creator]         $BP_JVM_JLINK_ENABLED        false                                                        enables running jlink tool to generate custom JRE
[INFO]     [creator]         $BP_JVM_TYPE                 JRE                                                          the JVM type - JDK or JRE
[INFO]     [creator]         $BP_JVM_VERSION              21                                                           the Java version
[INFO]     [creator]       Launch Configuration:
[INFO]     [creator]         $BPL_DEBUG_ENABLED           false                                                        enables Java remote debugging support
[INFO]     [creator]         $BPL_DEBUG_PORT              8000                                                         configure the remote debugging port
[INFO]     [creator]         $BPL_DEBUG_SUSPEND           false                                                        configure whether to suspend execution until a debugger has attached
[INFO]     [creator]         $BPL_HEAP_DUMP_PATH                                                                       write heap dumps on error to this path
[INFO]     [creator]         $BPL_JAVA_NMT_ENABLED        true                                                         enables Java Native Memory Tracking (NMT)
[INFO]     [creator]         $BPL_JAVA_NMT_LEVEL          summary                                                      configure level of NMT, summary or detail
[INFO]     [creator]         $BPL_JFR_ARGS                                                                             configure custom Java Flight Recording (JFR) arguments
[INFO]     [creator]         $BPL_JFR_ENABLED             false                                                        enables Java Flight Recording (JFR)
[INFO]     [creator]         $BPL_JMX_ENABLED             false                                                        enables Java Management Extensions (JMX)
[INFO]     [creator]         $BPL_JMX_PORT                5000                                                         configure the JMX port
[INFO]     [creator]         $BPL_JVM_HEAD_ROOM           0                                                            the headroom in memory calculation
[INFO]     [creator]         $BPL_JVM_LOADED_CLASS_COUNT  35% of classes                                               the number of loaded classes in memory calculation
[INFO]     [creator]         $BPL_JVM_THREAD_COUNT        250                                                          the number of threads in memory calculation
[INFO]     [creator]         $JAVA_TOOL_OPTIONS                                                                        the JVM launch flags
[INFO]     [creator]         Using Java version 21 extracted from MANIFEST.MF
[INFO]     [creator]       BellSoft Liberica JRE 21.0.8: Contributing to layer
[INFO]     [creator]         Downloading from https://github.com/bell-sw/Liberica/releases/download/21.0.8+12/bellsoft-jre21.0.8+12-linux-amd64.tar.gz
[INFO]     [creator]         Verifying checksum
[INFO]     [creator]         Expanding to /layers/paketo-buildpacks_bellsoft-liberica/jre
[INFO]     [creator]         Adding 146 container CA certificates to JVM truststore
[INFO]     [creator]         Writing env.launch/BPI_APPLICATION_PATH.default
[INFO]     [creator]         Writing env.launch/BPI_JVM_CACERTS.default
[INFO]     [creator]         Writing env.launch/BPI_JVM_CLASS_COUNT.default
[INFO]     [creator]         Writing env.launch/BPI_JVM_SECURITY_PROVIDERS.default
[INFO]     [creator]         Writing env.launch/JAVA_HOME.default
[INFO]     [creator]         Writing env.launch/JAVA_TOOL_OPTIONS.append
[INFO]     [creator]         Writing env.launch/JAVA_TOOL_OPTIONS.delim
[INFO]     [creator]         Writing env.launch/MALLOC_ARENA_MAX.default
[INFO]     [creator]       Launch Helper: Contributing to layer
[INFO]     [creator]         Creating /layers/paketo-buildpacks_bellsoft-liberica/helper/exec.d/java-opts
[INFO]     [creator]         Creating /layers/paketo-buildpacks_bellsoft-liberica/helper/exec.d/jvm-heap
[INFO]     [creator]         Creating /layers/paketo-buildpacks_bellsoft-liberica/helper/exec.d/link-local-dns
[INFO]     [creator]         Creating /layers/paketo-buildpacks_bellsoft-liberica/helper/exec.d/memory-calculator
[INFO]     [creator]         Creating /layers/paketo-buildpacks_bellsoft-liberica/helper/exec.d/security-providers-configurer
[INFO]     [creator]         Creating /layers/paketo-buildpacks_bellsoft-liberica/helper/exec.d/jmx
[INFO]     [creator]         Creating /layers/paketo-buildpacks_bellsoft-liberica/helper/exec.d/jfr
[INFO]     [creator]         Creating /layers/paketo-buildpacks_bellsoft-liberica/helper/exec.d/openssl-certificate-loader
[INFO]     [creator]         Creating /layers/paketo-buildpacks_bellsoft-liberica/helper/exec.d/security-providers-classpath-9
[INFO]     [creator]         Creating /layers/paketo-buildpacks_bellsoft-liberica/helper/exec.d/debug-9
[INFO]     [creator]         Creating /layers/paketo-buildpacks_bellsoft-liberica/helper/exec.d/nmt
[INFO]     [creator]       Java Security Properties: Contributing to layer
[INFO]     [creator]         Writing env.launch/JAVA_SECURITY_PROPERTIES.default
[INFO]     [creator]         Writing env.launch/JAVA_TOOL_OPTIONS.append
[INFO]     [creator]         Writing env.launch/JAVA_TOOL_OPTIONS.delim
[INFO]     [creator]     
[INFO]     [creator]     Paketo Buildpack for Syft 2.21.0
[INFO]     [creator]       https://github.com/paketo-buildpacks/syft
[INFO]     [creator]         Downloading from https://github.com/anchore/syft/releases/download/v1.33.0/syft_1.33.0_linux_amd64.tar.gz
[INFO]     [creator]         Verifying checksum
[INFO]     [creator]         Writing env.build/SYFT_CHECK_FOR_APP_UPDATE.default
[INFO]     [creator]     
[INFO]     [creator]     Paketo Buildpack for Executable JAR 6.13.3
[INFO]     [creator]       https://github.com/paketo-buildpacks/executable-jar
[INFO]     [creator]       Class Path: Contributing to layer
[INFO]     [creator]         Writing env/CLASSPATH.delim
[INFO]     [creator]         Writing env/CLASSPATH.prepend
[INFO]     [creator]       Process types:
[INFO]     [creator]         executable-jar: java org.springframework.boot.loader.launch.JarLauncher (direct)
[INFO]     [creator]         task:           java org.springframework.boot.loader.launch.JarLauncher (direct)
[INFO]     [creator]         web:            java org.springframework.boot.loader.launch.JarLauncher (direct)
[INFO]     [creator]     
[INFO]     [creator]     Paketo Buildpack for Spring Boot 5.33.4
[INFO]     [creator]       https://github.com/paketo-buildpacks/spring-boot
[INFO]     [creator]       Build Configuration:
[INFO]     [creator]         $BPL_JVM_CDS_ENABLED                 false  whether to enable CDS optimizations at runtime
[INFO]     [creator]         $BPL_SPRING_AOT_ENABLED              false  whether to enable Spring AOT at runtime
[INFO]     [creator]         $BP_JVM_CDS_ENABLED                  false  whether to enable CDS & perform JVM training run
[INFO]     [creator]         $BP_SPRING_AOT_ENABLED               false  whether to enable Spring AOT
[INFO]     [creator]         $BP_SPRING_CLOUD_BINDINGS_DISABLED   false  whether to contribute Spring Boot cloud bindings support
[INFO]     [creator]         $BP_SPRING_CLOUD_BINDINGS_VERSION    1      default version of Spring Cloud Bindings library to contribute
[INFO]     [creator]       Launch Configuration:
[INFO]     [creator]         $BPL_SPRING_CLOUD_BINDINGS_DISABLED  false  whether to auto-configure Spring Boot environment properties from bindings
[INFO]     [creator]         $BPL_SPRING_CLOUD_BINDINGS_ENABLED   true   Deprecated - whether to auto-configure Spring Boot environment properties from bindings
[INFO]     [creator]       Creating slices from layers index
[INFO]     [creator]         dependencies (50.1 MB)
[INFO]     [creator]         spring-boot-loader (395.6 KB)
[INFO]     [creator]         snapshot-dependencies (0.0 B)
[INFO]     [creator]         application (7.0 KB)
[INFO]     [creator]       Spring Cloud Bindings 2.0.4: Contributing to layer
[INFO]     [creator]         Downloading from https://repo1.maven.org/maven2/org/springframework/cloud/spring-cloud-bindings/2.0.4/spring-cloud-bindings-2.0.4.jar
[INFO]     [creator]         Verifying checksum
[INFO]     [creator]         Copying to /layers/paketo-buildpacks_spring-boot/spring-cloud-bindings
[INFO]     [creator]       Web Application Type: Contributing to layer
[INFO]     [creator]         Servlet web application detected
[INFO]     [creator]         Writing env.launch/BPL_JVM_THREAD_COUNT.default
[INFO]     [creator]       Launch Helper: Contributing to layer
[INFO]     [creator]         Creating /layers/paketo-buildpacks_spring-boot/helper/exec.d/spring-cloud-bindings
[INFO]     [creator]       4 application slices
[INFO]     [creator]       Image labels:
[INFO]     [creator]         org.opencontainers.image.title
[INFO]     [creator]         org.opencontainers.image.version
[INFO]     [creator]         org.springframework.boot.version
[INFO]     [creator]     ===> EXPORTING
[INFO]     [creator]     Adding layer 'paketo-buildpacks/ca-certificates:helper'
[INFO]     [creator]     Adding layer 'paketo-buildpacks/bellsoft-liberica:helper'
[INFO]     [creator]     Adding layer 'paketo-buildpacks/bellsoft-liberica:java-security-properties'
[INFO]     [creator]     Adding layer 'paketo-buildpacks/bellsoft-liberica:jre'
[INFO]     [creator]     Adding layer 'paketo-buildpacks/executable-jar:classpath'
[INFO]     [creator]     Adding layer 'paketo-buildpacks/spring-boot:helper'
[INFO]     [creator]     Adding layer 'paketo-buildpacks/spring-boot:spring-cloud-bindings'
[INFO]     [creator]     Adding layer 'paketo-buildpacks/spring-boot:web-application-type'
[INFO]     [creator]     Adding layer 'buildpacksio/lifecycle:launch.sbom'
[INFO]     [creator]     Added 5/5 app layer(s)
[INFO]     [creator]     Adding layer 'buildpacksio/lifecycle:launcher'
[INFO]     [creator]     Adding layer 'buildpacksio/lifecycle:config'
[INFO]     [creator]     Adding layer 'buildpacksio/lifecycle:process-types'
[INFO]     [creator]     Adding label 'io.buildpacks.lifecycle.metadata'
[INFO]     [creator]     Adding label 'io.buildpacks.build.metadata'
[INFO]     [creator]     Adding label 'io.buildpacks.project.metadata'
[INFO]     [creator]     Adding label 'org.opencontainers.image.title'
[INFO]     [creator]     Adding label 'org.opencontainers.image.version'
[INFO]     [creator]     Adding label 'org.springframework.boot.version'
[INFO]     [creator]     Setting default process type 'web'
[INFO]     [creator]     Saving docker.io/library/restaurant:0.0.1-SNAPSHOT...
[INFO]     [creator]     *** Images (0efc2a8d4c09):
[INFO]     [creator]           docker.io/library/restaurant:0.0.1-SNAPSHOT
[INFO]     [creator]     Adding cache layer 'paketo-buildpacks/syft:syft'
[INFO]     [creator]     Adding cache layer 'paketo-buildpacks/spring-boot:spring-cloud-bindings'
[INFO]     [creator]     Adding cache layer 'buildpacksio/lifecycle:cache.sbom'
[INFO] 
[INFO] Successfully built image 'docker.io/library/restaurant:0.0.1-SNAPSHOT'
[INFO] 
[INFO] ------------------------------------------------------------------------
[INFO] BUILD SUCCESS
[INFO] ------------------------------------------------------------------------
[INFO] Total time:  39.156 s
[INFO] Finished at: 2025-10-24T23:39:56+03:00
[INFO] ------------------------------------------------------------------------
